<?xml version="1.0" encoding="UTF-8"?>
<!-- Generated by org.testng.reporters.JUnitReportReporter -->
<testsuite hostname="DESKTOP-QS1767H" failures="0" tests="1" name="TestResult.AdminPageTest" time="0.243" errors="0" timestamp="2024-02-03T00:31:56 IST" skipped="0">
  <testcase classname="TestResult.AdminPageTest" name="Selectstatement" time="0.243"/>
</testsuite> <!-- TestResult.AdminPageTest -->
