<?xml version="1.0" encoding="UTF-8"?>
<!-- Generated by org.testng.reporters.JUnitReportReporter -->
<testsuite hostname="DESKTOP-QS1767H" failures="0" tests="2" name="TestResult.PracticePageTest" time="1.159" errors="0" timestamp="2024-04-05T14:50:06 IST" skipped="0">
  <testcase classname="TestResult.PracticePageTest" name="SelectDD" time="0.527"/>
  <testcase classname="TestResult.PracticePageTest" name="SelectGender" time="0.632"/>
</testsuite> <!-- TestResult.PracticePageTest -->
